<?xml version="1.0" encoding="UTF-8"?>
<testng-results skipped="0" failed="0" ignored="0" total="1" passed="1">
  <reporter-output>
  </reporter-output>
  <suite name="Suite" duration-ms="41417" started-at="2020-08-13T08:13:59Z" finished-at="2020-08-13T08:14:41Z">
    <groups>
    </groups>
    <test name="Test" duration-ms="41417" started-at="2020-08-13T08:13:59Z" finished-at="2020-08-13T08:14:41Z">
      <class name="com.ecommerce.Automation_Framework.HomePageTest">
        <test-method status="PASS" signature="setUp()[pri:0, instance:com.ecommerce.Automation_Framework.HomePageTest@23282c25]" name="setUp" is-config="true" duration-ms="21426" started-at="2020-08-13T08:13:59Z" finished-at="2020-08-13T08:14:21Z">
          <reporter-output>
          </reporter-output>
        </test-method> <!-- setUp -->
        <test-method status="PASS" signature="verifysendContactMessage()[pri:0, instance:com.ecommerce.Automation_Framework.HomePageTest@23282c25]" name="verifysendContactMessage" duration-ms="19101" started-at="2020-08-13T08:14:21Z" finished-at="2020-08-13T08:14:40Z">
          <reporter-output>
          </reporter-output>
        </test-method> <!-- verifysendContactMessage -->
        <test-method status="PASS" signature="tearDown(org.testng.ITestResult)[pri:0, instance:com.ecommerce.Automation_Framework.HomePageTest@23282c25]" name="tearDown" is-config="true" duration-ms="839" started-at="2020-08-13T08:14:40Z" finished-at="2020-08-13T08:14:41Z">
          <params>
            <param index="0">
              <value>
                <![CDATA[[TestResult name=verifysendContactMessage status=SUCCESS method=HomePageTest.verifysendContactMessage()[pri:0, instance:com.ecommerce.Automation_Framework.HomePageTest@23282c25] output={null}]]]>
              </value>
            </param>
          </params>
          <reporter-output>
          </reporter-output>
        </test-method> <!-- tearDown -->
      </class> <!-- com.ecommerce.Automation_Framework.HomePageTest -->
    </test> <!-- Test -->
  </suite> <!-- Suite -->
</testng-results>
