<?xml version="1.0" encoding="UTF-8"?>
<!-- Generated by org.testng.reporters.JUnitXMLReporter -->
<testsuite hostname="DESKTOP-9F7UL5A" ignored="1" name="Test" tests="2" failures="0" timestamp="25 Jun 2020 09:19:58 GMT" time="36.299" errors="0">
  <testcase name="verifysendContactMessage" time="17.237" classname="com.ecommerce.Automation_Framework.HomePageTest"/>
  <testcase name="orderPhone" time="0.007" classname="com.ecommerce.Automation_Framework.PhonePageTest"/>
  <testcase name="@BeforeTest setUp" time="0.0" classname="com.ecommerce.Automation_Framework.BaseTest">
    <ignored/>
  </testcase> <!-- @BeforeTest setUp -->
</testsuite> <!-- Test -->
